<?xml version="1.0" encoding="UTF-8"?>
<!-- Generated by org.testng.reporters.JUnitReportReporter -->
<testsuite skipped="0" hostname="DS-E0699598D816" name="testtwo.LoginClass" tests="1" failures="0" timestamp="20 Apr 2017 08:10:00 GMT" time="17.321" errors="0">
  <testcase name="urload" time="17.321" classname="testtwo.LoginClass"/>
</testsuite> <!-- testtwo.LoginClass -->
